app/build/intermediates/manifest_merge_blame_file/debug/manifest-merger-blame-debug-report.txt
1<?xml version="1.0" encoding="utf-8"?>
2<manifest xmlns:android="http://schemas.android.com/apk/res/android"
3    package="com.example.android.applicationlab"
4    android:versionCode="1"
5    android:versionName="1.0" >
6
7    <uses-sdk
8        android:minSdkVersion="21"
8-->src\main\AndroidManifest.xml
9        android:targetSdkVersion="29" />
9-->src\main\AndroidManifest.xml
10
11    <!-- Although the *SdkVersion is captured in gradle build files, this is required for non gradle builds -->
12    <!-- <uses-sdk android:minSdkVersion="14"/> -->
13    <uses-permission android:name="android.permission.ACCESS_NETWORK_STATE" />
13-->[com.google.firebase:firebase-database:19.6.0] AndroidManifest.xml:25:5-79
13-->[com.google.firebase:firebase-database:19.6.0] AndroidManifest.xml:25:22-76
14    <uses-permission android:name="android.permission.INTERNET" />
14-->[com.google.firebase:firebase-database:19.6.0] AndroidManifest.xml:26:5-67
14-->[com.google.firebase:firebase-database:19.6.0] AndroidManifest.xml:26:22-64
15
16    <application
16-->src\main\AndroidManifest.xml:5:5-32:19
17        android:allowBackup="true"
17-->src\main\AndroidManifest.xml:6:9-35
18        android:appComponentFactory="androidx.core.app.CoreComponentFactory"
18-->[androidx.core:core:1.1.0] AndroidManifest.xml:24:18-86
19        android:debuggable="true"
20        android:icon="@mipmap/app_foreground"
20-->src\main\AndroidManifest.xml:7:9-46
21        android:label="@string/app_name"
21-->src\main\AndroidManifest.xml:8:9-41
22        android:roundIcon="@mipmap/app_foreground"
22-->src\main\AndroidManifest.xml:9:9-51
23        android:supportsRtl="true"
23-->src\main\AndroidManifest.xml:10:9-35
24        android:testOnly="true"
25        android:theme="@style/AppTheme" >
25-->src\main\AndroidManifest.xml:11:9-40
26        <activity android:name="com.example.android.applicationlab.ViewTask" />
26-->src\main\AndroidManifest.xml:12:9-46
26-->src\main\AndroidManifest.xml:12:19-43
27        <activity android:name="com.example.android.applicationlab.Search" />
27-->src\main\AndroidManifest.xml:13:9-44
27-->src\main\AndroidManifest.xml:13:19-41
28        <activity android:name="com.example.android.applicationlab.DailyListActivity" />
28-->src\main\AndroidManifest.xml:14:9-55
28-->src\main\AndroidManifest.xml:14:19-52
29        <activity android:name="com.example.android.applicationlab.SplashActivity" >
29-->src\main\AndroidManifest.xml:15:9-17:20
29-->src\main\AndroidManifest.xml:15:19-49
30        </activity>
31        <activity android:name="com.example.android.applicationlab.SignupActivity" />
31-->src\main\AndroidManifest.xml:18:9-52
31-->src\main\AndroidManifest.xml:18:19-49
32        <activity android:name="com.example.android.applicationlab.LoginActivity" />
32-->src\main\AndroidManifest.xml:19:9-51
32-->src\main\AndroidManifest.xml:19:19-48
33        <activity android:name="com.example.android.applicationlab.ListsActivity" >
33-->src\main\AndroidManifest.xml:20:9-26:20
33-->src\main\AndroidManifest.xml:20:19-48
34            <intent-filter>
34-->src\main\AndroidManifest.xml:21:13-25:29
35                <action android:name="android.intent.action.MAIN" />
35-->src\main\AndroidManifest.xml:22:17-69
35-->src\main\AndroidManifest.xml:22:25-66
36
37                <category android:name="android.intent.category.LAUNCHER" />
37-->src\main\AndroidManifest.xml:24:17-77
37-->src\main\AndroidManifest.xml:24:27-74
38            </intent-filter>
39        </activity>
40        <activity android:name="com.example.android.applicationlab.MainActivity" />
40-->src\main\AndroidManifest.xml:27:9-50
40-->src\main\AndroidManifest.xml:27:19-47
41
42        <meta-data
42-->src\main\AndroidManifest.xml:29:9-31:57
43            android:name="preloaded_fonts"
43-->src\main\AndroidManifest.xml:30:13-43
44            android:resource="@array/preloaded_fonts" />
44-->src\main\AndroidManifest.xml:31:13-54
45
46        <service
46-->[com.google.firebase:firebase-database:19.6.0] AndroidManifest.xml:29:9-35:19
47            android:name="com.google.firebase.components.ComponentDiscoveryService"
47-->[com.google.firebase:firebase-database:19.6.0] AndroidManifest.xml:30:13-84
48            android:directBootAware="true"
48-->[com.google.firebase:firebase-common:19.5.0] AndroidManifest.xml:35:13-43
49            android:exported="false" >
49-->[com.google.firebase:firebase-database:19.6.0] AndroidManifest.xml:31:13-37
50            <meta-data
50-->[com.google.firebase:firebase-database:19.6.0] AndroidManifest.xml:32:13-34:85
51                android:name="com.google.firebase.components:com.google.firebase.database.DatabaseRegistrar"
51-->[com.google.firebase:firebase-database:19.6.0] AndroidManifest.xml:33:17-109
52                android:value="com.google.firebase.components.ComponentRegistrar" />
52-->[com.google.firebase:firebase-database:19.6.0] AndroidManifest.xml:34:17-82
53            <!--
54                This registrar is not defined in the dynamic-module-support sdk itself to allow non-firebase
55                clients to use it as well, by defining this registrar in their own core/common library.
56            -->
57            <meta-data
57-->[com.google.firebase:firebase-common:19.5.0] AndroidManifest.xml:43:13-45:85
58                android:name="com.google.firebase.components:com.google.firebase.dynamicloading.DynamicLoadingRegistrar"
58-->[com.google.firebase:firebase-common:19.5.0] AndroidManifest.xml:44:17-121
59                android:value="com.google.firebase.components.ComponentRegistrar" />
59-->[com.google.firebase:firebase-common:19.5.0] AndroidManifest.xml:45:17-82
60        </service>
61
62        <activity
62-->[com.google.android.gms:play-services-base:17.0.0] AndroidManifest.xml:23:9-26:75
63            android:name="com.google.android.gms.common.api.GoogleApiActivity"
63-->[com.google.android.gms:play-services-base:17.0.0] AndroidManifest.xml:24:13-79
64            android:exported="false"
64-->[com.google.android.gms:play-services-base:17.0.0] AndroidManifest.xml:25:13-37
65            android:theme="@android:style/Theme.Translucent.NoTitleBar" />
65-->[com.google.android.gms:play-services-base:17.0.0] AndroidManifest.xml:26:13-72
66
67        <provider
67-->[com.google.firebase:firebase-common:19.5.0] AndroidManifest.xml:26:9-31:39
68            android:name="com.google.firebase.provider.FirebaseInitProvider"
68-->[com.google.firebase:firebase-common:19.5.0] AndroidManifest.xml:27:13-77
69            android:authorities="com.example.android.applicationlab.firebaseinitprovider"
69-->[com.google.firebase:firebase-common:19.5.0] AndroidManifest.xml:28:13-72
70            android:directBootAware="true"
70-->[com.google.firebase:firebase-common:19.5.0] AndroidManifest.xml:29:13-43
71            android:exported="false"
71-->[com.google.firebase:firebase-common:19.5.0] AndroidManifest.xml:30:13-37
72            android:initOrder="100" />
72-->[com.google.firebase:firebase-common:19.5.0] AndroidManifest.xml:31:13-36
73
74        <meta-data
74-->[com.google.android.gms:play-services-basement:17.0.0] AndroidManifest.xml:23:9-25:69
75            android:name="com.google.android.gms.version"
75-->[com.google.android.gms:play-services-basement:17.0.0] AndroidManifest.xml:24:13-58
76            android:value="@integer/google_play_services_version" />
76-->[com.google.android.gms:play-services-basement:17.0.0] AndroidManifest.xml:25:13-66
77    </application>
78
79</manifest>